[2024-11-07T15:01:37.601+0000] {local_task_job_runner.py:123} INFO - ::group::Pre task execution logs
[2024-11-07T15:01:37.629+0000] {taskinstance.py:2612} INFO - Dependencies all met for dep_context=non-requeueable deps ti=<TaskInstance: car_price_prediction.predict scheduled__2024-11-06T15:00:00+00:00 [queued]>
[2024-11-07T15:01:37.645+0000] {taskinstance.py:2612} INFO - Dependencies all met for dep_context=requeueable deps ti=<TaskInstance: car_price_prediction.predict scheduled__2024-11-06T15:00:00+00:00 [queued]>
[2024-11-07T15:01:37.666+0000] {taskinstance.py:2865} INFO - Starting attempt 1 of 2
[2024-11-07T15:01:37.729+0000] {taskinstance.py:2888} INFO - Executing <Task(PythonOperator): predict> on 2024-11-06 15:00:00+00:00
[2024-11-07T15:01:37.740+0000] {warnings.py:112} WARNING - /home/***/.local/lib/python3.12/site-packages/***/task/task_runner/standard_task_runner.py:70: DeprecationWarning: This process (pid=2433) is multi-threaded, use of fork() may lead to deadlocks in the child.
  pid = os.fork()

[2024-11-07T15:01:37.742+0000] {standard_task_runner.py:72} INFO - Started process 2442 to run task
[2024-11-07T15:01:37.742+0000] {standard_task_runner.py:104} INFO - Running: ['***', 'tasks', 'run', 'car_price_prediction', 'predict', 'scheduled__2024-11-06T15:00:00+00:00', '--job-id', '15', '--raw', '--subdir', 'DAGS_FOLDER/hw_dag.py', '--cfg-path', '/tmp/tmpmm_mz4ov']
[2024-11-07T15:01:37.743+0000] {standard_task_runner.py:105} INFO - Job 15: Subtask predict
[2024-11-07T15:01:37.826+0000] {task_command.py:467} INFO - Running <TaskInstance: car_price_prediction.predict scheduled__2024-11-06T15:00:00+00:00 [running]> on host 11485420fd93
[2024-11-07T15:01:37.987+0000] {taskinstance.py:3131} INFO - Exporting env vars: AIRFLOW_CTX_DAG_OWNER='***' AIRFLOW_CTX_DAG_ID='car_price_prediction' AIRFLOW_CTX_TASK_ID='predict' AIRFLOW_CTX_EXECUTION_DATE='2024-11-06T15:00:00+00:00' AIRFLOW_CTX_TRY_NUMBER='1' AIRFLOW_CTX_DAG_RUN_ID='scheduled__2024-11-06T15:00:00+00:00'
[2024-11-07T15:01:37.989+0000] {logging_mixin.py:190} INFO - Task instance is in running state
[2024-11-07T15:01:37.990+0000] {logging_mixin.py:190} INFO -  Previous state of the Task instance: queued
[2024-11-07T15:01:37.991+0000] {logging_mixin.py:190} INFO - Current task name:predict state:running start_date:2024-11-07 15:01:37.636476+00:00
[2024-11-07T15:01:37.991+0000] {logging_mixin.py:190} INFO - Dag name:car_price_prediction and current dag run status:running
[2024-11-07T15:01:37.992+0000] {taskinstance.py:731} INFO - ::endgroup::
[2024-11-07T15:01:38.709+0000] {predict.py:56} INFO -          car_id      pred
0  [7310993818]     [low]
1  [7313922964]    [high]
2  [7315173150]     [low]
3  [7316152972]  [medium]
4  [7316509996]    [high]
[2024-11-07T15:01:38.719+0000] {python.py:240} INFO - Done. Returned value was: None
[2024-11-07T15:01:38.730+0000] {taskinstance.py:340} INFO - ::group::Post task execution logs
[2024-11-07T15:01:38.731+0000] {taskinstance.py:352} INFO - Marking task as SUCCESS. dag_id=car_price_prediction, task_id=predict, run_id=scheduled__2024-11-06T15:00:00+00:00, execution_date=20241106T150000, start_date=20241107T150137, end_date=20241107T150138
[2024-11-07T15:01:38.746+0000] {logging_mixin.py:190} INFO - Task instance in success state
[2024-11-07T15:01:38.747+0000] {logging_mixin.py:190} INFO -  Previous state of the Task instance: running
[2024-11-07T15:01:38.748+0000] {logging_mixin.py:190} INFO - Dag name:car_price_prediction queued_at:2024-11-07 15:00:00.424562+00:00
[2024-11-07T15:01:38.748+0000] {logging_mixin.py:190} INFO - Task hostname:11485420fd93 operator:PythonOperator
[2024-11-07T15:01:38.801+0000] {local_task_job_runner.py:266} INFO - Task exited with return code 0
[2024-11-07T15:01:38.822+0000] {taskinstance.py:3900} INFO - 0 downstream tasks scheduled from follow-on schedule check
[2024-11-07T15:01:38.826+0000] {local_task_job_runner.py:245} INFO - ::endgroup::
