[2024-11-07T12:44:46.911+0000] {local_task_job_runner.py:123} INFO - ::group::Pre task execution logs
[2024-11-07T12:44:46.933+0000] {taskinstance.py:2612} INFO - Dependencies all met for dep_context=non-requeueable deps ti=<TaskInstance: car_price_prediction.predict manual__2024-11-07T12:42:20.794592+00:00 [queued]>
[2024-11-07T12:44:46.950+0000] {taskinstance.py:2612} INFO - Dependencies all met for dep_context=requeueable deps ti=<TaskInstance: car_price_prediction.predict manual__2024-11-07T12:42:20.794592+00:00 [queued]>
[2024-11-07T12:44:46.951+0000] {taskinstance.py:2865} INFO - Starting attempt 1 of 2
[2024-11-07T12:44:46.973+0000] {taskinstance.py:2888} INFO - Executing <Task(PythonOperator): predict> on 2024-11-07 12:42:20.794592+00:00
[2024-11-07T12:44:46.988+0000] {standard_task_runner.py:104} INFO - Running: ['***', 'tasks', 'run', 'car_price_prediction', 'predict', 'manual__2024-11-07T12:42:20.794592+00:00', '--job-id', '9', '--raw', '--subdir', 'DAGS_FOLDER/hw_dag.py', '--cfg-path', '/tmp/tmp35rf18ni']
[2024-11-07T12:44:46.990+0000] {standard_task_runner.py:105} INFO - Job 9: Subtask predict
[2024-11-07T12:44:46.991+0000] {warnings.py:112} WARNING - /home/***/.local/lib/python3.12/site-packages/***/task/task_runner/standard_task_runner.py:70: DeprecationWarning: This process (pid=693) is multi-threaded, use of fork() may lead to deadlocks in the child.
  pid = os.fork()

[2024-11-07T12:44:46.992+0000] {standard_task_runner.py:72} INFO - Started process 709 to run task
[2024-11-07T12:44:47.053+0000] {task_command.py:467} INFO - Running <TaskInstance: car_price_prediction.predict manual__2024-11-07T12:42:20.794592+00:00 [running]> on host 11485420fd93
[2024-11-07T12:44:47.172+0000] {taskinstance.py:3131} INFO - Exporting env vars: AIRFLOW_CTX_DAG_OWNER='***' AIRFLOW_CTX_DAG_ID='car_price_prediction' AIRFLOW_CTX_TASK_ID='predict' AIRFLOW_CTX_EXECUTION_DATE='2024-11-07T12:42:20.794592+00:00' AIRFLOW_CTX_TRY_NUMBER='1' AIRFLOW_CTX_DAG_RUN_ID='manual__2024-11-07T12:42:20.794592+00:00'
[2024-11-07T12:44:47.174+0000] {logging_mixin.py:190} INFO - Task instance is in running state
[2024-11-07T12:44:47.175+0000] {logging_mixin.py:190} INFO -  Previous state of the Task instance: queued
[2024-11-07T12:44:47.175+0000] {logging_mixin.py:190} INFO - Current task name:predict state:running start_date:2024-11-07 12:44:46.934256+00:00
[2024-11-07T12:44:47.176+0000] {logging_mixin.py:190} INFO - Dag name:car_price_prediction and current dag run status:running
[2024-11-07T12:44:47.177+0000] {taskinstance.py:731} INFO - ::endgroup::
[2024-11-07T12:44:47.484+0000] {predict.py:56} INFO -          car_id      pred
0  [7310993818]     [low]
1  [7313922964]    [high]
2  [7315173150]     [low]
3  [7316152972]  [medium]
4  [7316509996]    [high]
[2024-11-07T12:44:47.499+0000] {python.py:240} INFO - Done. Returned value was: None
[2024-11-07T12:44:47.513+0000] {taskinstance.py:340} INFO - ::group::Post task execution logs
[2024-11-07T12:44:47.515+0000] {taskinstance.py:352} INFO - Marking task as SUCCESS. dag_id=car_price_prediction, task_id=predict, run_id=manual__2024-11-07T12:42:20.794592+00:00, execution_date=20241107T124220, start_date=20241107T124446, end_date=20241107T124447
[2024-11-07T12:44:47.536+0000] {logging_mixin.py:190} INFO - Task instance in success state
[2024-11-07T12:44:47.536+0000] {logging_mixin.py:190} INFO -  Previous state of the Task instance: running
[2024-11-07T12:44:47.537+0000] {logging_mixin.py:190} INFO - Dag name:car_price_prediction queued_at:2024-11-07 12:42:21.086778+00:00
[2024-11-07T12:44:47.538+0000] {logging_mixin.py:190} INFO - Task hostname:11485420fd93 operator:PythonOperator
[2024-11-07T12:44:47.571+0000] {local_task_job_runner.py:266} INFO - Task exited with return code 0
[2024-11-07T12:44:47.596+0000] {taskinstance.py:3900} INFO - 0 downstream tasks scheduled from follow-on schedule check
[2024-11-07T12:44:47.603+0000] {local_task_job_runner.py:245} INFO - ::endgroup::
