[2024-11-07T12:54:07.418+0000] {local_task_job_runner.py:123} INFO - ::group::Pre task execution logs
[2024-11-07T12:54:07.437+0000] {taskinstance.py:2612} INFO - Dependencies all met for dep_context=non-requeueable deps ti=<TaskInstance: car_price_prediction.pipeline manual__2024-11-07T12:53:58.020400+00:00 [queued]>
[2024-11-07T12:54:07.447+0000] {taskinstance.py:2612} INFO - Dependencies all met for dep_context=requeueable deps ti=<TaskInstance: car_price_prediction.pipeline manual__2024-11-07T12:53:58.020400+00:00 [queued]>
[2024-11-07T12:54:07.452+0000] {taskinstance.py:2865} INFO - Starting attempt 1 of 2
[2024-11-07T12:54:07.475+0000] {taskinstance.py:2888} INFO - Executing <Task(PythonOperator): pipeline> on 2024-11-07 12:53:58.020400+00:00
[2024-11-07T12:54:07.486+0000] {warnings.py:112} WARNING - /home/***/.local/lib/python3.12/site-packages/***/task/task_runner/standard_task_runner.py:70: DeprecationWarning: This process (pid=822) is multi-threaded, use of fork() may lead to deadlocks in the child.
  pid = os.fork()

[2024-11-07T12:54:07.488+0000] {standard_task_runner.py:72} INFO - Started process 831 to run task
[2024-11-07T12:54:07.489+0000] {standard_task_runner.py:104} INFO - Running: ['***', 'tasks', 'run', 'car_price_prediction', 'pipeline', 'manual__2024-11-07T12:53:58.020400+00:00', '--job-id', '11', '--raw', '--subdir', 'DAGS_FOLDER/hw_dag.py', '--cfg-path', '/tmp/tmpy58sobk8']
[2024-11-07T12:54:07.491+0000] {standard_task_runner.py:105} INFO - Job 11: Subtask pipeline
[2024-11-07T12:54:07.556+0000] {task_command.py:467} INFO - Running <TaskInstance: car_price_prediction.pipeline manual__2024-11-07T12:53:58.020400+00:00 [running]> on host 11485420fd93
[2024-11-07T12:54:07.691+0000] {taskinstance.py:3131} INFO - Exporting env vars: AIRFLOW_CTX_DAG_OWNER='***' AIRFLOW_CTX_DAG_ID='car_price_prediction' AIRFLOW_CTX_TASK_ID='pipeline' AIRFLOW_CTX_EXECUTION_DATE='2024-11-07T12:53:58.020400+00:00' AIRFLOW_CTX_TRY_NUMBER='1' AIRFLOW_CTX_DAG_RUN_ID='manual__2024-11-07T12:53:58.020400+00:00'
[2024-11-07T12:54:07.701+0000] {logging_mixin.py:190} INFO - Task instance is in running state
[2024-11-07T12:54:07.704+0000] {logging_mixin.py:190} INFO -  Previous state of the Task instance: queued
[2024-11-07T12:54:07.706+0000] {logging_mixin.py:190} INFO - Current task name:pipeline state:running start_date:2024-11-07 12:54:07.438544+00:00
[2024-11-07T12:54:07.707+0000] {logging_mixin.py:190} INFO - Dag name:car_price_prediction and current dag run status:running
[2024-11-07T12:54:07.709+0000] {taskinstance.py:731} INFO - ::endgroup::
[2024-11-07T12:54:13.200+0000] {pipeline.py:117} INFO - model: LogisticRegression, acc_mean: 0.7591, acc_std: 0.0075
[2024-11-07T12:54:36.926+0000] {job.py:229} INFO - Heartbeat recovered after 18.79 seconds
[2024-11-07T12:54:42.008+0000] {job.py:229} INFO - Heartbeat recovered after 12.05 seconds
[2024-11-07T12:55:04.578+0000] {pipeline.py:117} INFO - model: RandomForestClassifier, acc_mean: 0.7794, acc_std: 0.0059
[2024-11-07T12:55:28.191+0000] {pipeline.py:117} INFO - model: SVC, acc_mean: 0.7871, acc_std: 0.0042
[2024-11-07T12:55:28.192+0000] {pipeline.py:122} INFO - best model: SVC, accuracy: 0.7871
[2024-11-07T12:55:41.318+0000] {pipeline.py:130} INFO - Model is saved as /opt/***/data/models/cars_pipe_202411071255.pkl
[2024-11-07T12:55:41.329+0000] {python.py:240} INFO - Done. Returned value was: None
[2024-11-07T12:55:41.351+0000] {taskinstance.py:340} INFO - ::group::Post task execution logs
[2024-11-07T12:55:41.352+0000] {taskinstance.py:352} INFO - Marking task as SUCCESS. dag_id=car_price_prediction, task_id=pipeline, run_id=manual__2024-11-07T12:53:58.020400+00:00, execution_date=20241107T125358, start_date=20241107T125407, end_date=20241107T125541
[2024-11-07T12:55:41.428+0000] {logging_mixin.py:190} INFO - Task instance in success state
[2024-11-07T12:55:41.431+0000] {logging_mixin.py:190} INFO -  Previous state of the Task instance: running
[2024-11-07T12:55:41.432+0000] {logging_mixin.py:190} INFO - Dag name:car_price_prediction queued_at:2024-11-07 12:53:58.045818+00:00
[2024-11-07T12:55:41.433+0000] {logging_mixin.py:190} INFO - Task hostname:11485420fd93 operator:PythonOperator
[2024-11-07T12:55:41.494+0000] {local_task_job_runner.py:266} INFO - Task exited with return code 0
[2024-11-07T12:55:41.558+0000] {taskinstance.py:3900} INFO - 1 downstream tasks scheduled from follow-on schedule check
[2024-11-07T12:55:41.568+0000] {local_task_job_runner.py:245} INFO - ::endgroup::
