[2024-11-07T12:42:34.966+0000] {local_task_job_runner.py:123} INFO - ::group::Pre task execution logs
[2024-11-07T12:42:34.995+0000] {taskinstance.py:2612} INFO - Dependencies all met for dep_context=non-requeueable deps ti=<TaskInstance: car_price_prediction.pipeline manual__2024-11-07T12:42:20.794592+00:00 [queued]>
[2024-11-07T12:42:35.007+0000] {taskinstance.py:2612} INFO - Dependencies all met for dep_context=requeueable deps ti=<TaskInstance: car_price_prediction.pipeline manual__2024-11-07T12:42:20.794592+00:00 [queued]>
[2024-11-07T12:42:35.009+0000] {taskinstance.py:2865} INFO - Starting attempt 1 of 2
[2024-11-07T12:42:35.028+0000] {taskinstance.py:2888} INFO - Executing <Task(PythonOperator): pipeline> on 2024-11-07 12:42:20.794592+00:00
[2024-11-07T12:42:35.041+0000] {warnings.py:112} WARNING - /home/***/.local/lib/python3.12/site-packages/***/task/task_runner/standard_task_runner.py:70: DeprecationWarning: This process (pid=669) is multi-threaded, use of fork() may lead to deadlocks in the child.
  pid = os.fork()

[2024-11-07T12:42:35.043+0000] {standard_task_runner.py:72} INFO - Started process 678 to run task
[2024-11-07T12:42:35.044+0000] {standard_task_runner.py:104} INFO - Running: ['***', 'tasks', 'run', 'car_price_prediction', 'pipeline', 'manual__2024-11-07T12:42:20.794592+00:00', '--job-id', '8', '--raw', '--subdir', 'DAGS_FOLDER/hw_dag.py', '--cfg-path', '/tmp/tmpirc_04yk']
[2024-11-07T12:42:35.045+0000] {standard_task_runner.py:105} INFO - Job 8: Subtask pipeline
[2024-11-07T12:42:35.124+0000] {task_command.py:467} INFO - Running <TaskInstance: car_price_prediction.pipeline manual__2024-11-07T12:42:20.794592+00:00 [running]> on host 11485420fd93
[2024-11-07T12:42:35.277+0000] {taskinstance.py:3131} INFO - Exporting env vars: AIRFLOW_CTX_DAG_OWNER='***' AIRFLOW_CTX_DAG_ID='car_price_prediction' AIRFLOW_CTX_TASK_ID='pipeline' AIRFLOW_CTX_EXECUTION_DATE='2024-11-07T12:42:20.794592+00:00' AIRFLOW_CTX_TRY_NUMBER='1' AIRFLOW_CTX_DAG_RUN_ID='manual__2024-11-07T12:42:20.794592+00:00'
[2024-11-07T12:42:35.290+0000] {logging_mixin.py:190} INFO - Task instance is in running state
[2024-11-07T12:42:35.290+0000] {logging_mixin.py:190} INFO -  Previous state of the Task instance: queued
[2024-11-07T12:42:35.291+0000] {logging_mixin.py:190} INFO - Current task name:pipeline state:running start_date:2024-11-07 12:42:34.995985+00:00
[2024-11-07T12:42:35.292+0000] {logging_mixin.py:190} INFO - Dag name:car_price_prediction and current dag run status:running
[2024-11-07T12:42:35.292+0000] {taskinstance.py:731} INFO - ::endgroup::
[2024-11-07T12:42:38.745+0000] {pipeline.py:117} INFO - model: LogisticRegression, acc_mean: 0.7591, acc_std: 0.0075
[2024-11-07T12:43:30.051+0000] {pipeline.py:117} INFO - model: RandomForestClassifier, acc_mean: 0.7794, acc_std: 0.0059
[2024-11-07T12:43:41.338+0000] {job.py:229} INFO - Heartbeat recovered after 12.44 seconds
[2024-11-07T12:44:07.854+0000] {pipeline.py:117} INFO - model: SVC, acc_mean: 0.7871, acc_std: 0.0042
[2024-11-07T12:44:07.855+0000] {pipeline.py:122} INFO - best model: SVC, accuracy: 0.7871
[2024-11-07T12:44:18.356+0000] {pipeline.py:130} INFO - Model is saved as /opt/***/data/models/cars_pipe_202411071244.pkl
[2024-11-07T12:44:18.361+0000] {python.py:240} INFO - Done. Returned value was: None
[2024-11-07T12:44:18.375+0000] {taskinstance.py:340} INFO - ::group::Post task execution logs
[2024-11-07T12:44:18.376+0000] {taskinstance.py:352} INFO - Marking task as SUCCESS. dag_id=car_price_prediction, task_id=pipeline, run_id=manual__2024-11-07T12:42:20.794592+00:00, execution_date=20241107T124220, start_date=20241107T124234, end_date=20241107T124418
[2024-11-07T12:44:18.417+0000] {logging_mixin.py:190} INFO - Task instance in success state
[2024-11-07T12:44:18.418+0000] {logging_mixin.py:190} INFO -  Previous state of the Task instance: running
[2024-11-07T12:44:18.419+0000] {logging_mixin.py:190} INFO - Dag name:car_price_prediction queued_at:2024-11-07 12:42:21.086778+00:00
[2024-11-07T12:44:18.420+0000] {logging_mixin.py:190} INFO - Task hostname:11485420fd93 operator:PythonOperator
[2024-11-07T12:44:18.506+0000] {local_task_job_runner.py:266} INFO - Task exited with return code 0
[2024-11-07T12:44:18.545+0000] {taskinstance.py:3900} INFO - 1 downstream tasks scheduled from follow-on schedule check
[2024-11-07T12:44:18.567+0000] {local_task_job_runner.py:245} INFO - ::endgroup::
