[2024-11-07T12:36:33.932+0000] {local_task_job_runner.py:123} INFO - ::group::Pre task execution logs
[2024-11-07T12:36:33.967+0000] {taskinstance.py:2612} INFO - Dependencies all met for dep_context=non-requeueable deps ti=<TaskInstance: car_price_prediction.pipeline manual__2024-11-07T12:34:41.423801+00:00 [queued]>
[2024-11-07T12:36:33.985+0000] {taskinstance.py:2612} INFO - Dependencies all met for dep_context=requeueable deps ti=<TaskInstance: car_price_prediction.pipeline manual__2024-11-07T12:34:41.423801+00:00 [queued]>
[2024-11-07T12:36:33.986+0000] {taskinstance.py:2865} INFO - Starting attempt 2 of 2
[2024-11-07T12:36:34.282+0000] {taskinstance.py:2888} INFO - Executing <Task(PythonOperator): pipeline> on 2024-11-07 12:34:41.423801+00:00
[2024-11-07T12:36:34.298+0000] {warnings.py:112} WARNING - /home/***/.local/lib/python3.12/site-packages/***/task/task_runner/standard_task_runner.py:70: DeprecationWarning: This process (pid=560) is multi-threaded, use of fork() may lead to deadlocks in the child.
  pid = os.fork()

[2024-11-07T12:36:34.301+0000] {standard_task_runner.py:72} INFO - Started process 577 to run task
[2024-11-07T12:36:34.302+0000] {standard_task_runner.py:104} INFO - Running: ['***', 'tasks', 'run', 'car_price_prediction', 'pipeline', 'manual__2024-11-07T12:34:41.423801+00:00', '--job-id', '4', '--raw', '--subdir', 'DAGS_FOLDER/hw_dag.py', '--cfg-path', '/tmp/tmpyvhzh4df']
[2024-11-07T12:36:34.304+0000] {standard_task_runner.py:105} INFO - Job 4: Subtask pipeline
[2024-11-07T12:36:34.460+0000] {task_command.py:467} INFO - Running <TaskInstance: car_price_prediction.pipeline manual__2024-11-07T12:34:41.423801+00:00 [running]> on host 11485420fd93
[2024-11-07T12:36:35.097+0000] {taskinstance.py:3131} INFO - Exporting env vars: AIRFLOW_CTX_DAG_OWNER='***' AIRFLOW_CTX_DAG_ID='car_price_prediction' AIRFLOW_CTX_TASK_ID='pipeline' AIRFLOW_CTX_EXECUTION_DATE='2024-11-07T12:34:41.423801+00:00' AIRFLOW_CTX_TRY_NUMBER='2' AIRFLOW_CTX_DAG_RUN_ID='manual__2024-11-07T12:34:41.423801+00:00'
[2024-11-07T12:36:35.100+0000] {logging_mixin.py:190} INFO - Task instance is in running state
[2024-11-07T12:36:35.102+0000] {logging_mixin.py:190} INFO -  Previous state of the Task instance: queued
[2024-11-07T12:36:35.103+0000] {logging_mixin.py:190} INFO - Current task name:pipeline state:running start_date:2024-11-07 12:36:33.967923+00:00
[2024-11-07T12:36:35.105+0000] {logging_mixin.py:190} INFO - Dag name:car_price_prediction and current dag run status:running
[2024-11-07T12:36:35.106+0000] {taskinstance.py:731} INFO - ::endgroup::
[2024-11-07T12:36:39.893+0000] {pipeline.py:117} INFO - model: LogisticRegression, acc_mean: 0.7591, acc_std: 0.0075
[2024-11-07T12:37:26.933+0000] {pipeline.py:117} INFO - model: RandomForestClassifier, acc_mean: 0.7794, acc_std: 0.0059
[2024-11-07T12:38:03.187+0000] {pipeline.py:117} INFO - model: SVC, acc_mean: 0.7871, acc_std: 0.0042
[2024-11-07T12:38:03.189+0000] {pipeline.py:122} INFO - best model: SVC, accuracy: 0.7871
[2024-11-07T12:38:14.900+0000] {pipeline.py:130} INFO - Model is saved as /opt/***/data/models/cars_pipe_202411071238.pkl
[2024-11-07T12:38:14.904+0000] {python.py:240} INFO - Done. Returned value was: None
[2024-11-07T12:38:15.800+0000] {taskinstance.py:340} INFO - ::group::Post task execution logs
[2024-11-07T12:38:15.802+0000] {taskinstance.py:352} INFO - Marking task as SUCCESS. dag_id=car_price_prediction, task_id=pipeline, run_id=manual__2024-11-07T12:34:41.423801+00:00, execution_date=20241107T123441, start_date=20241107T123633, end_date=20241107T123815
[2024-11-07T12:38:15.831+0000] {logging_mixin.py:190} INFO - Task instance in success state
[2024-11-07T12:38:15.832+0000] {logging_mixin.py:190} INFO -  Previous state of the Task instance: running
[2024-11-07T12:38:15.832+0000] {logging_mixin.py:190} INFO - Dag name:car_price_prediction queued_at:2024-11-07 12:34:41.660057+00:00
[2024-11-07T12:38:15.833+0000] {logging_mixin.py:190} INFO - Task hostname:11485420fd93 operator:PythonOperator
[2024-11-07T12:38:15.889+0000] {local_task_job_runner.py:266} INFO - Task exited with return code 0
[2024-11-07T12:38:15.918+0000] {taskinstance.py:3900} INFO - 1 downstream tasks scheduled from follow-on schedule check
[2024-11-07T12:38:15.922+0000] {local_task_job_runner.py:245} INFO - ::endgroup::
