[2024-11-07T15:00:16.575+0000] {local_task_job_runner.py:123} INFO - ::group::Pre task execution logs
[2024-11-07T15:00:16.606+0000] {taskinstance.py:2612} INFO - Dependencies all met for dep_context=non-requeueable deps ti=<TaskInstance: car_price_prediction.pipeline scheduled__2024-11-06T15:00:00+00:00 [queued]>
[2024-11-07T15:00:16.616+0000] {taskinstance.py:2612} INFO - Dependencies all met for dep_context=requeueable deps ti=<TaskInstance: car_price_prediction.pipeline scheduled__2024-11-06T15:00:00+00:00 [queued]>
[2024-11-07T15:00:16.621+0000] {taskinstance.py:2865} INFO - Starting attempt 1 of 2
[2024-11-07T15:00:16.652+0000] {taskinstance.py:2888} INFO - Executing <Task(PythonOperator): pipeline> on 2024-11-06 15:00:00+00:00
[2024-11-07T15:00:17.471+0000] {standard_task_runner.py:104} INFO - Running: ['***', 'tasks', 'run', 'car_price_prediction', 'pipeline', 'scheduled__2024-11-06T15:00:00+00:00', '--job-id', '14', '--raw', '--subdir', 'DAGS_FOLDER/hw_dag.py', '--cfg-path', '/tmp/tmpo7cbv0sp']
[2024-11-07T15:00:17.471+0000] {warnings.py:112} WARNING - /home/***/.local/lib/python3.12/site-packages/***/task/task_runner/standard_task_runner.py:70: DeprecationWarning: This process (pid=2408) is multi-threaded, use of fork() may lead to deadlocks in the child.
  pid = os.fork()

[2024-11-07T15:00:17.473+0000] {standard_task_runner.py:105} INFO - Job 14: Subtask pipeline
[2024-11-07T15:00:17.474+0000] {standard_task_runner.py:72} INFO - Started process 2417 to run task
[2024-11-07T15:00:17.546+0000] {task_command.py:467} INFO - Running <TaskInstance: car_price_prediction.pipeline scheduled__2024-11-06T15:00:00+00:00 [running]> on host 11485420fd93
[2024-11-07T15:00:17.649+0000] {taskinstance.py:3131} INFO - Exporting env vars: AIRFLOW_CTX_DAG_OWNER='***' AIRFLOW_CTX_DAG_ID='car_price_prediction' AIRFLOW_CTX_TASK_ID='pipeline' AIRFLOW_CTX_EXECUTION_DATE='2024-11-06T15:00:00+00:00' AIRFLOW_CTX_TRY_NUMBER='1' AIRFLOW_CTX_DAG_RUN_ID='scheduled__2024-11-06T15:00:00+00:00'
[2024-11-07T15:00:17.651+0000] {logging_mixin.py:190} INFO - Task instance is in running state
[2024-11-07T15:00:17.652+0000] {logging_mixin.py:190} INFO -  Previous state of the Task instance: queued
[2024-11-07T15:00:17.652+0000] {logging_mixin.py:190} INFO - Current task name:pipeline state:running start_date:2024-11-07 15:00:16.606918+00:00
[2024-11-07T15:00:17.653+0000] {logging_mixin.py:190} INFO - Dag name:car_price_prediction and current dag run status:running
[2024-11-07T15:00:17.654+0000] {taskinstance.py:731} INFO - ::endgroup::
[2024-11-07T15:00:22.308+0000] {pipeline.py:117} INFO - model: LogisticRegression, acc_mean: 0.7591, acc_std: 0.0075
[2024-11-07T15:00:48.703+0000] {job.py:229} INFO - Heartbeat recovered after 13.36 seconds
[2024-11-07T15:00:53.774+0000] {job.py:229} INFO - Heartbeat recovered after 12.27 seconds
[2024-11-07T15:01:09.129+0000] {pipeline.py:117} INFO - model: RandomForestClassifier, acc_mean: 0.7794, acc_std: 0.0059
[2024-11-07T15:01:23.729+0000] {pipeline.py:117} INFO - model: SVC, acc_mean: 0.7871, acc_std: 0.0042
[2024-11-07T15:01:23.730+0000] {pipeline.py:122} INFO - best model: SVC, accuracy: 0.7871
[2024-11-07T15:01:29.882+0000] {pipeline.py:130} INFO - Model is saved as /opt/***/data/models/cars_pipe_202411071501.pkl
[2024-11-07T15:01:29.886+0000] {python.py:240} INFO - Done. Returned value was: None
[2024-11-07T15:01:29.898+0000] {taskinstance.py:340} INFO - ::group::Post task execution logs
[2024-11-07T15:01:29.899+0000] {taskinstance.py:352} INFO - Marking task as SUCCESS. dag_id=car_price_prediction, task_id=pipeline, run_id=scheduled__2024-11-06T15:00:00+00:00, execution_date=20241106T150000, start_date=20241107T150016, end_date=20241107T150129
[2024-11-07T15:01:29.914+0000] {logging_mixin.py:190} INFO - Task instance in success state
[2024-11-07T15:01:29.915+0000] {logging_mixin.py:190} INFO -  Previous state of the Task instance: running
[2024-11-07T15:01:29.915+0000] {logging_mixin.py:190} INFO - Dag name:car_price_prediction queued_at:2024-11-07 15:00:00.424562+00:00
[2024-11-07T15:01:29.916+0000] {logging_mixin.py:190} INFO - Task hostname:11485420fd93 operator:PythonOperator
[2024-11-07T15:01:29.945+0000] {local_task_job_runner.py:266} INFO - Task exited with return code 0
[2024-11-07T15:01:29.968+0000] {taskinstance.py:3900} INFO - 1 downstream tasks scheduled from follow-on schedule check
[2024-11-07T15:01:29.972+0000] {local_task_job_runner.py:245} INFO - ::endgroup::
